#
# There is insufficient memory for the Java Runtime Environment to continue.
# Native memory allocation (mmap) failed to map 134217728 bytes for G1 virtual space
# Possible reasons:
#   The system is out of physical RAM or swap space
#   The process is running with CompressedOops enabled, and the Java Heap may be blocking the growth of the native heap
# Possible solutions:
#   Reduce memory load on the system
#   Increase physical memory or swap space
#   Check if swap backing store is full
#   Decrease Java heap size (-Xmx/-Xms)
#   Decrease number of Java threads
#   Decrease Java thread stack sizes (-Xss)
#   Set larger code cache with -XX:ReservedCodeCacheSize=
#   JVM is running with Unscaled Compressed Oops mode in which the Java heap is
#     placed in the first 4GB address space. The Java Heap base address is the
#     maximum limit for the native heap growth. Please use -XX:HeapBaseMinAddress
#     to set the Java Heap base and to place the Java Heap above 4GB virtual address.
# This output file may be truncated or incomplete.
#
#  Out of Memory Error (./open/src/hotspot/os/windows/os_windows.cpp:3472), pid=20744, tid=3000
#
# JRE version:  (15.0.1+9) (build )
# Java VM: Java HotSpot(TM) 64-Bit Server VM (15.0.1+9-18, mixed mode, sharing, tiered, compressed oops, g1 gc, windows-amd64)
# No core dump will be written. Minidumps are not enabled by default on client versions of Windows
#

---------------  S U M M A R Y ------------

Command Line: -Dfile.encoding=Cp1252 -XX:+ShowCodeDetailsInExceptionMessages Test

Host: AMD Ryzen 5 1500X Quad-Core Processor          , 8 cores, 7G,  Windows 10 , 64 bit Build 19041 (10.0.19041.804)
Time: Sun Mar 28 22:06:41 2021 Paris, Madrid (heure d’été) elapsed time: 0.050188 seconds (0d 0h 0m 0s)

---------------  T H R E A D  ---------------

Current thread (0x00000264de874670):  JavaThread "Unknown thread" [_thread_in_vm, id=3000, stack(0x0000006beef00000,0x0000006bef000000)]

Stack: [0x0000006beef00000,0x0000006bef000000]
Native frames: (J=compiled Java code, j=interpreted, Vv=VM code, C=native code)
V  [jvm.dll+0x62ae9a]
V  [jvm.dll+0x781389]
V  [jvm.dll+0x782ae3]
V  [jvm.dll+0x783143]
V  [jvm.dll+0x216265]
V  [jvm.dll+0x6281d9]
V  [jvm.dll+0x61cd15]
V  [jvm.dll+0x2d01fd]
V  [jvm.dll+0x2d0062]
V  [jvm.dll+0x2d603c]
V  [jvm.dll+0x325b2a]
V  [jvm.dll+0x3251f4]
V  [jvm.dll+0x2a717a]
V  [jvm.dll+0x2a8318]
V  [jvm.dll+0x75e101]
V  [jvm.dll+0x3343e4]
V  [jvm.dll+0x73e826]
V  [jvm.dll+0x3b7777]
V  [jvm.dll+0x3b9201]
C  [jli.dll+0x52fb]
C  [ucrtbase.dll+0x21bb2]
C  [KERNEL32.DLL+0x17034]
C  [ntdll.dll+0x52651]


---------------  P R O C E S S  ---------------

Threads class SMR info:
_java_thread_list=0x00007ff81c834ff0, length=0, elements={
}

Java Threads: ( => current thread )

Other Threads:
  0x00000264de8b44d0 GCTaskThread "GC Thread#0" [stack: 0x0000006bef000000,0x0000006bef100000] [id=65784]
  0x00000264de8c5c40 ConcurrentGCThread "G1 Main Marker" [stack: 0x0000006bef100000,0x0000006bef200000] [id=29724]
  0x00000264de8c6830 ConcurrentGCThread "G1 Conc#0" [stack: 0x0000006bef200000,0x0000006bef300000] [id=37972]

[error occurred during error reporting (printing all threads), id 0xc0000005, EXCEPTION_ACCESS_VIOLATION (0xc0000005) at pc=0x00007ff81c028047]

VM state: not at safepoint (not fully initialized)

VM Mutex/Monitor currently owned by a thread:  ([mutex/lock_event])
[0x00000264de870cf0] Heap_lock - owner thread: 0x00000264de874670

Heap address: 0x0000000080c00000, size: 2036 MB, Compressed Oops mode: 32-bit
CDS archive(s) mapped at: [0x0000000000000000-0x0000000000000000-0x0000000000000000), size 0, SharedBaseAddress: 0x0000000800000000, ArchiveRelocationMode: 0.
Narrow klass base: 0x0000000000000000, Narrow klass shift: 0, Narrow klass range: 0x0

Heap:
 garbage-first heap   total 131072K, used 0K [0x0000000080c00000, 0x0000000100000000)
  region size 1024K, 0 young (0K), 0 survivors (0K)
 Metaspace       used 0K, capacity 0K, committed 0K, reserved 0K
  class space    used 0K, capacity 0K, committed 0K, reserved 0K

Heap Regions: E=young(eden), S=young(survivor), O=old, HS=humongous(starts), HC=humongous(continues), CS=collection set, F=free, OA=open archive, CA=closed archive, TAMS=top-at-mark-start (previous, next)

Card table byte_map: [0x00000264f61e0000,0x00000264f65e0000] _byte_map_base: 0x00000264f5dda000

Marking Bits (Prev, Next): (CMBitMap*) 0x00000264de8b4cc0, (CMBitMap*) 0x00000264de8b4d00
 Prev Bits: [0x00000264f69e0000, 0x00000264f89b0000)
 Next Bits: [0x00000264f89b0000, 0x00000264fa980000)

GC Heap History (0 events):
No events

Deoptimization events (0 events):
No events

Classes unloaded (0 events):
No events

Classes redefined (0 events):
No events

Internal exceptions (0 events):
No events

Events (1 events):
Event: 0.007 Loaded shared library C:\Program Files\Java\jdk-15.0.1\bin\java.dll


Dynamic libraries:
0x00007ff636f20000 - 0x00007ff636f2f000 	C:\Program Files\Java\jdk-15.0.1\bin\javaw.exe
0x00007ff89cd10000 - 0x00007ff89cf05000 	C:\WINDOWS\SYSTEM32\ntdll.dll
0x00007ff89c530000 - 0x00007ff89c5ed000 	C:\WINDOWS\System32\KERNEL32.DLL
0x00007ff89a480000 - 0x00007ff89a749000 	C:\WINDOWS\System32\KERNELBASE.dll
0x00007ff89ac70000 - 0x00007ff89ad70000 	C:\WINDOWS\System32\ucrtbase.dll
0x00007ff880c60000 - 0x00007ff880c79000 	C:\Program Files\Java\jdk-15.0.1\bin\VCRUNTIME140.dll
0x00007ff882170000 - 0x00007ff882188000 	C:\Program Files\Java\jdk-15.0.1\bin\jli.dll
0x00007ff89ba70000 - 0x00007ff89bb1c000 	C:\WINDOWS\System32\ADVAPI32.dll
0x00007ff89b870000 - 0x00007ff89b90e000 	C:\WINDOWS\System32\msvcrt.dll
0x00007ff89cbd0000 - 0x00007ff89cc6c000 	C:\WINDOWS\System32\sechost.dll
0x00007ff89c400000 - 0x00007ff89c52b000 	C:\WINDOWS\System32\RPCRT4.dll
0x00007ff89b260000 - 0x00007ff89b400000 	C:\WINDOWS\System32\USER32.dll
0x00007ff89a980000 - 0x00007ff89a9a2000 	C:\WINDOWS\System32\win32u.dll
0x00007ff88fe30000 - 0x00007ff8900ca000 	C:\WINDOWS\WinSxS\amd64_microsoft.windows.common-controls_6595b64144ccf1df_6.0.19041.844_none_ca00b6081b84eb1d\COMCTL32.dll
0x00007ff89b770000 - 0x00007ff89b79a000 	C:\WINDOWS\System32\GDI32.dll
0x00007ff89aa00000 - 0x00007ff89ab0b000 	C:\WINDOWS\System32\gdi32full.dll
0x00007ff89a8e0000 - 0x00007ff89a97d000 	C:\WINDOWS\System32\msvcp_win.dll
0x00007ff894bb0000 - 0x00007ff894bba000 	C:\WINDOWS\SYSTEM32\VERSION.dll
0x00007ff89ad70000 - 0x00007ff89ada0000 	C:\WINDOWS\System32\IMM32.DLL
0x00007ff895290000 - 0x00007ff89529c000 	C:\Program Files\Java\jdk-15.0.1\bin\vcruntime140_1.dll
0x00007ff87a2d0000 - 0x00007ff87a361000 	C:\Program Files\Java\jdk-15.0.1\bin\msvcp140.dll
0x00007ff81bd70000 - 0x00007ff81c8ce000 	C:\Program Files\Java\jdk-15.0.1\bin\server\jvm.dll
0x00007ff89b970000 - 0x00007ff89b978000 	C:\WINDOWS\System32\PSAPI.DLL
0x00007ff895200000 - 0x00007ff895209000 	C:\WINDOWS\SYSTEM32\WSOCK32.dll
0x00007ff88f9c0000 - 0x00007ff88f9e7000 	C:\WINDOWS\SYSTEM32\WINMM.dll
0x00007ff89c670000 - 0x00007ff89c6db000 	C:\WINDOWS\System32\WS2_32.dll
0x00007ff8982f0000 - 0x00007ff898302000 	C:\WINDOWS\SYSTEM32\kernel.appcore.dll
0x00007ff889f40000 - 0x00007ff889f4a000 	C:\Program Files\Java\jdk-15.0.1\bin\jimage.dll
0x00007ff885fe0000 - 0x00007ff8861c4000 	C:\WINDOWS\SYSTEM32\DBGHELP.DLL
0x00007ff8853a0000 - 0x00007ff8853cc000 	C:\WINDOWS\SYSTEM32\dbgcore.DLL
0x00007ff89a750000 - 0x00007ff89a7d0000 	C:\WINDOWS\System32\bcryptPrimitives.dll
0x00007ff87bf30000 - 0x00007ff87bf55000 	C:\Program Files\Java\jdk-15.0.1\bin\java.dll

dbghelp: loaded successfully - version: 4.0.5 - missing functions: none
symbol engine: initialized successfully - sym options: 0x614 - pdb path: .;C:\Program Files\Java\jdk-15.0.1\bin;C:\WINDOWS\SYSTEM32;C:\WINDOWS\WinSxS\amd64_microsoft.windows.common-controls_6595b64144ccf1df_6.0.19041.844_none_ca00b6081b84eb1d;C:\Program Files\Java\jdk-15.0.1\bin\server

VM Arguments:
jvm_args: -Dfile.encoding=Cp1252 -XX:+ShowCodeDetailsInExceptionMessages 
java_command: Test
java_class_path (initial): C:\Users\USER\Documents\Codes\java\StocksMgt\bin;C:\Users\USER\Documents\Codes\java\StocksMgt\lib\ojdbc7_g.jar;C:\Users\USER\Documents\Codes\java\StocksMgt\lib\jgoodies-common-1.4.0.jar;C:\Users\USER\Documents\Codes\java\StocksMgt\lib\jgoodies-forms-1.8.0.jar;C:\Users\USER\Documents\Codes\java\StocksMgt\miglayout15-swing.jar;C:\Users\USER\Documents\Codes\java\StocksMgt\lib\plugins\org.eclipse.core.commands_3.9.500.v20190805-1157.jar;C:\Users\USER\Documents\Codes\java\StocksMgt\lib\plugins\org.eclipse.core.runtime_3.16.0.v20190823-1314.jar;C:\Users\USER\Documents\Codes\java\StocksMgt\lib\plugins\org.eclipse.equinox.common_3.10.500.v20190815-1535.jar;C:\Users\USER\Documents\Codes\java\StocksMgt\lib\plugins\org.eclipse.equinox.registry_3.8.500.v20190714-1850.jar;C:\Users\USER\Documents\Codes\java\StocksMgt\lib\plugins\org.eclipse.jface_3.17.0.v20190820-1444.jar;C:\Users\USER\Documents\Codes\java\StocksMgt\lib\plugins\org.eclipse.jface.text_3.15.300.v20190819-0725.jar;C:\Users\USER\Documents\Codes\java\StocksMgt\lib\plugins\org.eclipse.osgi_3.15.0.v20190830-1434.jar;C:\Users\USER\Documents\Codes\java\StocksMgt\lib\plugins\org.eclipse.swt.win32.win32.x86_64_3.112.0.v20190904-0609.jar;C:\Users\USER\Documents\Codes\java\StocksMgt\lib\plugins\org.eclipse.text_3.9.0.v20190826-1019.jar;C:\Users\USER\Documents\Codes\java\StocksMgt\lib\plugins\org.eclipse.ui.forms_3.8.100.v20190625-1825.jar;C:\Users\USER\Documents\Codes\java\StocksMgt\lib\plugins\org.eclipse.ui.workbench_3.116.0.v20190826-1428.jar;C:\Users\USER\Documents\Codes\java\StocksMgt\lib\plugins\com.ibm.icu_64.2.0.v20190507-1337.jar
Launcher Type: SUN_STANDARD

[Global flags]
     intx CICompilerCount                          = 4                                         {product} {ergonomic}
     uint ConcGCThreads                            = 2                                         {product} {ergonomic}
     uint G1ConcRefinementThreads                  = 8                                         {product} {ergonomic}
   size_t G1HeapRegionSize                         = 1048576                                   {product} {ergonomic}
    uintx GCDrainStackTargetSize                   = 64                                        {product} {ergonomic}
   size_t InitialHeapSize                          = 134217728                                 {product} {ergonomic}
   size_t MarkStackSize                            = 4194304                                   {product} {ergonomic}
   size_t MaxHeapSize                              = 2134900736                                {product} {ergonomic}
   size_t MinHeapDeltaBytes                        = 1048576                                   {product} {ergonomic}
   size_t MinHeapSize                              = 8388608                                   {product} {ergonomic}
    uintx NonNMethodCodeHeapSize                   = 5839372                                {pd product} {ergonomic}
    uintx NonProfiledCodeHeapSize                  = 122909434                              {pd product} {ergonomic}
    uintx ProfiledCodeHeapSize                     = 122909434                              {pd product} {ergonomic}
    uintx ReservedCodeCacheSize                    = 251658240                              {pd product} {ergonomic}
     bool SegmentedCodeCache                       = true                                      {product} {ergonomic}
     bool ShowCodeDetailsInExceptionMessages       = true                                   {manageable} {command line}
   size_t SoftMaxHeapSize                          = 2134900736                             {manageable} {ergonomic}
     bool UseCompressedClassPointers               = true                                 {lp64_product} {ergonomic}
     bool UseCompressedOops                        = true                                 {lp64_product} {ergonomic}
     bool UseG1GC                                  = true                                      {product} {ergonomic}
     bool UseLargePagesIndividualAllocation        = false                                  {pd product} {ergonomic}

Logging:
Log output configuration:
 #0: stdout all=warning uptime,level,tags
 #1: stderr all=off uptime,level,tags

Environment Variables:
PATH=C:/Program Files/Java/jdk-15.0.1/bin/server;C:/Program Files/Java/jdk-15.0.1/bin;C:\Program Files (x86)\Common Files\Oracle\Java\javapath;C:\Program Files\Common Files\Oracle\Java\javapath;C:\Python27\;C:\Python27\Scripts;C:\Windows\system32;C:\Windows;C:\Windows\System32\Wbem;C:\Windows\System32\WindowsPowerShell\v1.0\;C:\Windows\System32\OpenSSH\;C:\Program Files (x86)\NVIDIA Corporation\PhysX\Common;C:\Program Files\NVIDIA Corporation\NVIDIA NvDLISR;C:\WINDOWS\system32;C:\WINDOWS;C:\WINDOWS\System32\Wbem;C:\WINDOWS\System32\WindowsPowerShell\v1.0\;C:\WINDOWS\System32\OpenSSH\;C:\Program Files\Polyspace\R2019a\runtime\win64;C:\Program Files\Polyspace\R2019a\bin;C:\Program Files\Polyspace\R2019a\polyspace\bin;C:\Program Files (x86)\Common Files\GTK\2.0;C:\Windows\System32\2.0;C:\Program Files\Microsoft SQL Server\130\Tools\Binn\;C:\Program Files\Microsoft SQL Server\Client SDK\ODBC\170\Tools\Binn\;C:\Program Files\dotnet\;C:\Program Files\nodejs\;C:\ProgramData\chocolatey\bin;C:\Program Files\Git\cmd;C:\Program Files (x86)\Brackets\command;C:\Program Files\Calibre2\;C:\Users\USER\AppData\Local\Microsoft\WindowsApps;C:\Users\USER\AppData\Roaming\npm;C:\Users\USER\AppData\Local\atom\bin;C:\Program Files\CMake\bin;C:\Users\USER\AppData\Local\GitHubDesktop\bin;C:\Program Files\MySQL\MySQL Server 8.0\bin;;%USERPROFILE%\AppData\Local\Microsoft\WindowsApps;C:\WINDOWS\system32;
USERNAME=USER
OS=Windows_NT
PROCESSOR_IDENTIFIER=AMD64 Family 23 Model 1 Stepping 1, AuthenticAMD



---------------  S Y S T E M  ---------------

OS:
 Windows 10 , 64 bit Build 19041 (10.0.19041.804)
OS uptime: 7 days 7:12 hours

CPU: total 8 (initial active 8) (8 cores per cpu, 2 threads per core) family 23 model 1 stepping 1 microcode 0x0, cmov, cx8, fxsr, mmx, sse, sse2, sse3, ssse3, sse4.1, sse4.2, popcnt, vzeroupper, avx, avx2, aes, clmul, 3dnowpref, lzcnt, sse4a, ht, tsc, tscinvbit, tscinv, bmi1, bmi2, adx, sha, fma, clflush, clflushopt

Memory: 4k page, system-wide physical 8143M (440M free)
TotalPageFile size 18143M (AvailPageFile size 18M)
current process WorkingSet (physical memory assigned to process): 10M, peak: 10M
current process commit charge ("private bytes"): 60M, peak: 188M

vm_info: Java HotSpot(TM) 64-Bit Server VM (15.0.1+9-18) for windows-amd64 JRE (15.0.1+9-18), built on Sep 15 2020 14:43:54 by "mach5one" with unknown MS VC++:1925

END.
